<?xml version="1.0" encoding="UTF-8"?>
<!-- Generated by org.testng.reporters.JUnitXMLReporter -->
<testsuite ignored="0" hostname="LAPTOP-LG4K5LS5" failures="0" tests="4" name="Default test" time="0.056" errors="0" timestamp="2022-04-03T20:10:26 IST">
  <testcase classname="pratice.OrgNameContaName" name="orgNameConNameTest" time="0.007"/>
  <testcase classname="pratice.OrgNameContaName" name="orgNameConNameTest" time="0.001"/>
  <testcase classname="pratice.OrgNameContaName" name="orgNameConNameTest" time="0.001"/>
  <testcase classname="pratice.OrgNameContaName" name="orgNameConNameTest" time="0.001"/>
</testsuite> <!-- Default test -->
