<?xml version="1.0" encoding="UTF-8"?>
<!-- Generated by org.testng.reporters.JUnitXMLReporter -->
<testsuite ignored="0" hostname="LAPTOP-LG4K5LS5" failures="0" tests="4" name="Default test" time="0.099" errors="0" timestamp="2022-02-02T01:58:49 IST">
  <testcase classname="pratice.OrgNameContaName" name="orgNameConNameTest" time="0.009"/>
  <testcase classname="pratice.OrgNameContaName" name="orgNameConNameTest" time="0.003"/>
  <testcase classname="pratice.OrgNameContaName" name="orgNameConNameTest" time="0.005"/>
  <testcase classname="pratice.OrgNameContaName" name="orgNameConNameTest" time="0.008"/>
</testsuite> <!-- Default test -->
