<?xml version="1.0" encoding="UTF-8"?>
<!-- Generated by org.testng.reporters.JUnitXMLReporter -->
<testsuite ignored="4" hostname="LAPTOP-LG4K5LS5" failures="0" tests="3" name="TestChrome" time="49.246" errors="0" timestamp="2022-01-28T00:33:21 IST">
  <testcase classname="com.crm.comcast.orgTest.CreateOrgaIndustryTest" name="orgCreate" time="6.96"/>
  <testcase classname="com.crm.comcast.orgTest.CreateOrgIndustryTypeTest" name="orgWithIndustry" time="6.35"/>
  <testcase classname="com.crm.comcast.contacttest.CreateContactWithOrgTest" name="endToEnd" time="17.439"/>
  <testcase classname="generic.BaseClass" name="@BeforeSuite configBS" time="0.0">
    <ignored/>
  </testcase> <!-- @BeforeSuite configBS -->
  <testcase classname="generic.BaseClass" name="@BeforeSuite configBS" time="0.0">
    <ignored/>
  </testcase> <!-- @BeforeSuite configBS -->
  <testcase classname="generic.BaseClass" name="@AfterSuite configAS" time="0.0">
    <ignored/>
  </testcase> <!-- @AfterSuite configAS -->
  <testcase classname="generic.BaseClass" name="@AfterSuite configAS" time="0.0">
    <ignored/>
  </testcase> <!-- @AfterSuite configAS -->
</testsuite> <!-- TestChrome -->
