<?xml version="1.0" encoding="UTF-8"?>
<!-- Generated by org.testng.reporters.JUnitXMLReporter -->
<testsuite ignored="2" hostname="LAPTOP-LG4K5LS5" failures="0" tests="0" time="0.009" errors="0" timestamp="2022-01-27T23:13:08 IST">
  <testcase classname="com.crm.comcast.contacttest.CreateContactWithOrgTest" name="endToEnd" time="0.0">
    <ignored/>
  </testcase> <!-- endToEnd -->
  <testcase classname="com.crm.comcast.orgTest.CreateOrgaIndustryTest" name="orgCreate" time="0.0">
    <ignored/>
  </testcase> <!-- orgCreate -->
</testsuite>
