<?xml version="1.0" encoding="UTF-8"?>
<testng-results ignored="0" total="4" passed="4" failed="0" skipped="0">
  <reporter-output>
  </reporter-output>
  <suite started-at="2022-04-03T20:10:26 IST" name="Default suite" finished-at="2022-04-03T20:10:26 IST" duration-ms="56">
    <groups>
    </groups>
    <test started-at="2022-04-03T20:10:26 IST" name="Default test" finished-at="2022-04-03T20:10:26 IST" duration-ms="56">
      <class name="pratice.OrgNameContaName">
        <test-method signature="orgNameConNameTest(java.lang.String,java.lang.String)[pri:0, instance:pratice.OrgNameContaName@708f5957]" started-at="2022-04-03T20:10:26 IST" name="orgNameConNameTest" data-provider="dataProvider_bookTicketTest" finished-at="2022-04-03T20:10:26 IST" duration-ms="7" status="PASS">
          <params>
            <param index="0">
              <value>
                <![CDATA[Bank1]]>
              </value>
            </param>
            <param index="1">
              <value>
                <![CDATA[Ind1]]>
              </value>
            </param>
          </params>
          <reporter-output>
          </reporter-output>
        </test-method> <!-- orgNameConNameTest -->
        <test-method signature="orgNameConNameTest(java.lang.String,java.lang.String)[pri:0, instance:pratice.OrgNameContaName@708f5957]" started-at="2022-04-03T20:10:26 IST" name="orgNameConNameTest" data-provider="dataProvider_bookTicketTest" finished-at="2022-04-03T20:10:26 IST" duration-ms="1" status="PASS">
          <params>
            <param index="0">
              <value>
                <![CDATA[Bank2]]>
              </value>
            </param>
            <param index="1">
              <value>
                <![CDATA[Ind1]]>
              </value>
            </param>
          </params>
          <reporter-output>
          </reporter-output>
        </test-method> <!-- orgNameConNameTest -->
        <test-method signature="orgNameConNameTest(java.lang.String,java.lang.String)[pri:0, instance:pratice.OrgNameContaName@708f5957]" started-at="2022-04-03T20:10:26 IST" name="orgNameConNameTest" data-provider="dataProvider_bookTicketTest" finished-at="2022-04-03T20:10:26 IST" duration-ms="1" status="PASS">
          <params>
            <param index="0">
              <value>
                <![CDATA[Bank3]]>
              </value>
            </param>
            <param index="1">
              <value>
                <![CDATA[Ind1]]>
              </value>
            </param>
          </params>
          <reporter-output>
          </reporter-output>
        </test-method> <!-- orgNameConNameTest -->
        <test-method signature="orgNameConNameTest(java.lang.String,java.lang.String)[pri:0, instance:pratice.OrgNameContaName@708f5957]" started-at="2022-04-03T20:10:26 IST" name="orgNameConNameTest" data-provider="dataProvider_bookTicketTest" finished-at="2022-04-03T20:10:26 IST" duration-ms="1" status="PASS">
          <params>
            <param index="0">
              <value>
                <![CDATA[Bank4]]>
              </value>
            </param>
            <param index="1">
              <value>
                <![CDATA[Ind1]]>
              </value>
            </param>
          </params>
          <reporter-output>
          </reporter-output>
        </test-method> <!-- orgNameConNameTest -->
      </class> <!-- pratice.OrgNameContaName -->
    </test> <!-- Default test -->
  </suite> <!-- Default suite -->
</testng-results>
